[debug] [2024-04-24T03:30:18.603Z] ----------------------------------------------------------------------
[debug] [2024-04-24T03:30:18.605Z] Command:       C:\Program Files\nodejs\node.exe C:\Users\Tony\Desktop\GitHubActionPractice\node_modules\firebase-tools\lib\bin\firebase.js init hosting:github
[debug] [2024-04-24T03:30:18.605Z] CLI Version:   13.7.4
[debug] [2024-04-24T03:30:18.605Z] Platform:      win32
[debug] [2024-04-24T03:30:18.605Z] Node Version:  v20.11.1
[debug] [2024-04-24T03:30:18.605Z] Time:          Wed Apr 24 2024 10:30:18 GMT+0700 (เวลาอินโดจีน)
[debug] [2024-04-24T03:30:18.605Z] ----------------------------------------------------------------------
[debug] 
[debug] [2024-04-24T03:30:18.659Z] > command requires scopes: ["email","openid","https://www.googleapis.com/auth/cloudplatformprojects.readonly","https://www.googleapis.com/auth/firebase","https://www.googleapis.com/auth/cloud-platform"]
[debug] [2024-04-24T03:30:18.660Z] > authorizing via signed-in user (kananate24@gmail.com)
[info] 
     ######## #### ########  ######## ########     ###     ######  ########
     ##        ##  ##     ## ##       ##     ##  ##   ##  ##       ##
     ######    ##  ########  ######   ########  #########  ######  ######
     ##        ##  ##    ##  ##       ##     ## ##     ##       ## ##
     ##       #### ##     ## ######## ########  ##     ##  ######  ########

You're about to initialize a Firebase project in this directory:

  C:\Users\Tony\Desktop\GitHubActionPractice

Before we get started, keep in mind:

  * You are initializing within an existing Firebase project directory

[info] 
=== Project Setup
[info] 
[info] First, let's associate this project directory with a Firebase project.
[info] You can create multiple project aliases by running firebase use --add, 
[info] but for now we'll just set up a default project.
[info] 
[debug] [2024-04-24T03:30:22.202Z] Using project from CLI flag: githubactionpractice-565f3
[debug] [2024-04-24T03:30:22.205Z] >>> [apiv2][query] GET https://firebase.googleapis.com/v1beta1/projects/githubactionpractice-565f3 [none]
[debug] [2024-04-24T03:30:22.920Z] <<< [apiv2][status] GET https://firebase.googleapis.com/v1beta1/projects/githubactionpractice-565f3 200
[debug] [2024-04-24T03:30:22.920Z] <<< [apiv2][body] GET https://firebase.googleapis.com/v1beta1/projects/githubactionpractice-565f3 {"projectId":"githubactionpractice-565f3","projectNumber":"602052275961","displayName":"GitHubActionPractice","name":"projects/githubactionpractice-565f3","resources":{"hostingSite":"githubactionpractice-565f3"},"state":"ACTIVE","etag":"1_a89d07a5-ad3b-4eb1-bbab-5ca6bf272053"}
[info] i  Using project githubactionpractice-565f3 (GitHubActionPractice) 
[info] 
=== Hosting:github Setup
[info] 
[info] i  Detected a .git folder at C:\Users\Tony\Desktop\GitHubActionPractice 
[info] i  Authorizing with GitHub to upload your service account to a GitHub repository's secrets store. 
[info] 
[info] Visit this URL on this device to log in:
[info] https://github.com/login/oauth/authorize?client_id=89cf50f02ac6aaed3484&state=214321889&redirect_uri=http%3A%2F%2Flocalhost%3A9005&scope=read%3Auser%20repo%20public_repo
[info] 
[info] Waiting for authentication...
[debug] [2024-04-24T03:30:23.674Z] >>> [apiv2][query] POST https://github.com/login/oauth/access_token [none]
[debug] [2024-04-24T03:30:23.674Z] >>> [apiv2][body] POST https://github.com/login/oauth/access_token [stream]
[debug] [2024-04-24T03:30:24.201Z] <<< [apiv2][status] POST https://github.com/login/oauth/access_token 200
[debug] [2024-04-24T03:30:24.201Z] <<< [apiv2][body] POST https://github.com/login/oauth/access_token {"access_token":"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","token_type":"bearer","scope":"read:user,repo"}
[debug] [2024-04-24T03:30:24.207Z] >>> [apiv2][query] GET https://api.github.com/user [none]
[debug] [2024-04-24T03:30:24.744Z] <<< [apiv2][status] GET https://api.github.com/user 200
[debug] [2024-04-24T03:30:24.744Z] <<< [apiv2][body] GET https://api.github.com/user {"login":"TAnvilrock","id":75653543,"node_id":"MDQ6VXNlcjc1NjUzNTQz","avatar_url":"https://avatars.githubusercontent.com/u/75653543?v=4","gravatar_id":"","url":"https://api.github.com/users/TAnvilrock","html_url":"https://github.com/TAnvilrock","followers_url":"https://api.github.com/users/TAnvilrock/followers","following_url":"https://api.github.com/users/TAnvilrock/following{/other_user}","gists_url":"https://api.github.com/users/TAnvilrock/gists{/gist_id}","starred_url":"https://api.github.com/users/TAnvilrock/starred{/owner}{/repo}","subscriptions_url":"https://api.github.com/users/TAnvilrock/subscriptions","organizations_url":"https://api.github.com/users/TAnvilrock/orgs","repos_url":"https://api.github.com/users/TAnvilrock/repos","events_url":"https://api.github.com/users/TAnvilrock/events{/privacy}","received_events_url":"https://api.github.com/users/TAnvilrock/received_events","type":"User","site_admin":false,"name":"Tony","company":null,"blog":"","location":null,"email":null,"hireable":null,"bio":null,"twitter_username":null,"public_repos":7,"public_gists":0,"followers":0,"following":3,"created_at":"2020-12-08T02:52:02Z","updated_at":"2024-04-23T13:05:54Z","private_gists":0,"total_private_repos":3,"owned_private_repos":3,"disk_usage":6016,"collaborators":0,"two_factor_authentication":true,"plan":{"name":"pro","space":976562499,"collaborators":0,"private_repos":9999}}
[info] 
[info] +  Success! Logged into GitHub as TAnvilrock 
[info] 
